Arguments: 
  /usr/local/n/versions/node/12.12.0/bin/node /usr/local/n/versions/node/12.12.0/bin/yarn

PATH: 
  /usr/local/n/versions/node/12.12.0/bin:/Applications/kitty 2.app/Contents/MacOS:/Users/zk/.cargo/bin:/Applications/mpv.0.29.1.app/Contents/MacOS:/Users/zk/opt/anaconda3/bin:/Users/zk/anaconda3/condabin:.:/Library/Java/JavaVirtualMachines/jdk1.8.0_45.jdk/Contents/Home:/Users/zk/bin/clangd_10rc3/bin:/Users/zk/bin:/Users/zk/bin/bash_tool:/usr/local/sbin:/Applications/CMake.app/Contents/bin:/usr/local/bin:/usr/bin:/bin:/usr/sbin:/sbin:/opt/X11/bin:/Library/Frameworks/Mono.framework/Versions/Current/Commands:/Applications/Wireshark.app/Contents/MacOS:/Users/zk/git/hack/hashcat-utils/src:/Applications/MySQLWorkbench.app/Contents/MacOS:/Applications/MySQLWorkbench.app/Contents/MacOS/mysql:/Users/zk/Downloads/ofexport2-ofexport-v2-1.0.20/bin:/usr/local/Caskroom/mpv/0.14.0/mpv.app/Contents/MacOS:/Users/zk/Library/Android/sdk/tools:/Users/zk/Library/Android/sdk/platform-tools:/Users/zk/git/flutter/flutter/bin:/Users/zk/git/flutter/flutter/bin/cache/dart-sdk/bin:/Users/zk/git/goprj/bin:/Users/zk/git/goprj/src/go-ethereum/build/bin:/Users/zk/.antigen/bundles/robbyrussell/oh-my-zsh/lib:/Users/zk/.antigen/bundles/wfxr/forgit:/Users/zk/.antigen/bundles/zsh-users/zsh-autosuggestions:/Users/zk/.fzf/bin

Yarn version: 
  1.22.4

Node version: 
  12.12.0

Platform: 
  darwin x64

Trace: 
  Error: getaddrinfo ENOTFOUND registry.npmjs.org
      at GetAddrInfoReqWrap.onlookup [as oncomplete] (dns.js:60:26)

npm manifest: 
  {
    "name": "demo",
    "version": "0.1.0",
    "private": true,
    "scripts": {
      "serve": "vue-cli-service serve",
      "build": "vue-cli-service build",
      "lint": "vue-cli-service lint"
    },
    "dependencies": {
      "@zkty-team/x-engine-module-engine": "~0.0.1",
      "@zkty-team/x-engine-module-network": "~0.0.1",
      "@zkty-team/x-engine-module-ui": "~0.0.1",
      "@zkty-team/x-engine-module-nav": "~0.0.1",
      "@zkty-team/x-engine-module-tools": "~0.0.1",
      "core-js": "^3.6.5",
      "less": "^3.12.2",
      "less-loader": "^7.0.0",
      "vant": "^2.10.3",
      "vue": "^2.6.11",
      "vue-router": "^3.2.0",
      "vuex": "^3.4.0"
    },
    "devDependencies": {
      "@vue/cli-plugin-babel": "~4.5.0",
      "@vue/cli-plugin-eslint": "~4.5.0",
      "@vue/cli-plugin-router": "~4.5.0",
      "@vue/cli-plugin-vuex": "~4.5.0",
      "@vue/cli-service": "~4.5.0",
      "@vue/eslint-config-prettier": "^6.0.0",
      "babel-eslint": "^10.1.0",
      "babel-plugin-import": "^1.13.0",
      "eslint": "^6.7.2",
      "eslint-plugin-prettier": "^3.1.3",
      "eslint-plugin-vue": "^6.2.2",
      "prettier": "^1.19.1",
      "vue-template-compiler": "^2.6.11",
      "webpack-cli": "^3.3.12"
    },
    "eslintConfig": {
      "root": true,
      "env": {
        "node": true
      },
      "extends": [
        "plugin:vue/essential",
        "eslint:recommended",
        "@vue/prettier"
      ],
      "parserOptions": {
        "parser": "babel-eslint"
      },
      "rules": {}
    },
    "browserslist": [
      "> 1%",
      "last 2 versions",
      "not dead"
    ]
  }

yarn manifest: 
  No manifest

Lockfile: 
  No lockfile
