Arguments: 
  /usr/local/n/versions/node/12.12.0/bin/node /usr/local/n/versions/node/12.12.0/bin/yarn

PATH: 
  /usr/local/n/versions/node/12.12.0/bin:/Applications/kitty 2.app/Contents/MacOS:/Users/zk/.cargo/bin:/Applications/mpv.0.29.1.app/Contents/MacOS:/Users/zk/opt/anaconda3/bin:/Users/zk/anaconda3/condabin:.:/Library/Java/JavaVirtualMachines/jdk1.8.0_45.jdk/Contents/Home:/Users/zk/bin/clangd_10rc3/bin:/Users/zk/bin:/Users/zk/bin/bash_tool:/usr/local/sbin:/Applications/CMake.app/Contents/bin:/usr/local/bin:/usr/bin:/bin:/usr/sbin:/sbin:/opt/X11/bin:/Library/Frameworks/Mono.framework/Versions/Current/Commands:/Applications/Wireshark.app/Contents/MacOS:/Users/zk/git/hack/hashcat-utils/src:/Applications/MySQLWorkbench.app/Contents/MacOS:/Applications/MySQLWorkbench.app/Contents/MacOS/mysql:/Users/zk/Downloads/ofexport2-ofexport-v2-1.0.20/bin:/usr/local/Caskroom/mpv/0.14.0/mpv.app/Contents/MacOS:/Users/zk/Library/Android/sdk/tools:/Users/zk/Library/Android/sdk/platform-tools:/Users/zk/git/flutter/flutter/bin:/Users/zk/git/flutter/flutter/bin/cache/dart-sdk/bin:/Users/zk/git/goprj/bin:/Users/zk/git/goprj/src/go-ethereum/build/bin:/Users/zk/.antigen/bundles/robbyrussell/oh-my-zsh/lib:/Users/zk/.antigen/bundles/wfxr/forgit:/Users/zk/.antigen/bundles/zsh-users/zsh-autosuggestions:/Users/zk/.fzf/bin

Yarn version: 
  1.22.4

Node version: 
  12.12.0

Platform: 
  darwin x64

Trace: 
  Error: https://registry.npmjs.org/@zkty-team%2fx-engine-module-router: Not found
      at Request.params.callback [as _callback] (/usr/local/n/versions/node/12.12.0/lib/node_modules/yarn/lib/cli.js:66987:18)
      at Request.self.callback (/usr/local/n/versions/node/12.12.0/lib/node_modules/yarn/lib/cli.js:140748:22)
      at Request.emit (events.js:210:5)
      at Request.<anonymous> (/usr/local/n/versions/node/12.12.0/lib/node_modules/yarn/lib/cli.js:141720:10)
      at Request.emit (events.js:210:5)
      at IncomingMessage.<anonymous> (/usr/local/n/versions/node/12.12.0/lib/node_modules/yarn/lib/cli.js:141642:12)
      at Object.onceWrapper (events.js:299:28)
      at IncomingMessage.emit (events.js:215:7)
      at endReadableNT (_stream_readable.js:1183:12)
      at processTicksAndRejections (internal/process/task_queues.js:80:21)

npm manifest: 
  {
    "name": "@zkty-team/x-engine-app-template",
    "version": "0.0.34",
    "main": "h5/src/index.js",
    "license": "MIT",
    "scripts": {
      "dev": "WEBPACK_MODE=development webpack-dev-server --mode development -p --open --host 0.0.0.0 ",
      "build": "webpack  --config webpack.prod.js",
      "prod": "WEBPACK_MODE=production webpack  --config webpack.prod.js",
      "patch": "npm version patch"
    },
    "files": [
      "iOS/Class/*",
      "iOS/*.md",
      "h5/src/*.js",
      "h5/src/*.md",
      "*.md",
      "*.podspec",
      "LICENSE"
    ],
    "devDependencies": {
      "@babel/core": "^7.11.6",
      "@babel/preset-env": "^7.11.5",
      "babel-loader": "^8.1.0",
      "css-loader": "^5.0.0",
      "file-loader": "^6.1.1",
      "fs-extra": "^9.0.1",
      "html-webpack-plugin": "^4.5.0",
      "style-loader": "^2.0.0",
      "vconsole-webpack-plugin": "^1.5.2",
      "webpack": "^5.1.0",
      "webpack-cli": "^4.0.0",
      "webpack-dev-server": "^3.11.0"
    },
    "dependencies": {
      "@zkty-team/x-engine-module-engine": "~0.0.1",
      "@zkty-team/x-engine-module-microapp": "~0.0.7",
      "@zkty-team/x-engine-module-nav": "~0.0.1",
      "@zkty-team/x-engine-module-network": "~0.0.1",
      "@zkty-team/x-engine-module-ui": "~0.0.1",
      "@zkty-team/x-engine-module-protocols": "~0.0.1",
      "@zkty-team/x-engine-module-offline": "~0.0.1",
      "@zkty-team/x-engine-module-tools": "~0.0.1",
      "@zkty-team/x-engine-module-router": "~0.0.1",
      "@zkty-team/x-engine-module-camera": "~0.0.1",
      "@zkty-team/x-engine-module-scan": "~0.0.1"
    }
  }

yarn manifest: 
  No manifest

Lockfile: 
  No lockfile
