Arguments: 
  /usr/local/n/versions/node/12.12.0/bin/node /usr/local/n/versions/node/12.12.0/bin/yarn

PATH: 
  /usr/local/n/versions/node/12.12.0/bin:/Applications/kitty 2.app/Contents/MacOS:/Users/zk/.cargo/bin:/Applications/mpv.0.29.1.app/Contents/MacOS:/Users/zk/opt/anaconda3/bin:/Users/zk/anaconda3/condabin:.:/Library/Java/JavaVirtualMachines/jdk1.8.0_45.jdk/Contents/Home:/Users/zk/bin/clangd_10rc3/bin:/Users/zk/bin:/Users/zk/bin/bash_tool:/usr/local/sbin:/Applications/CMake.app/Contents/bin:/usr/local/bin:/usr/bin:/bin:/usr/sbin:/sbin:/opt/X11/bin:/Library/Frameworks/Mono.framework/Versions/Current/Commands:/Applications/Wireshark.app/Contents/MacOS:/Users/zk/git/hack/hashcat-utils/src:/Applications/MySQLWorkbench.app/Contents/MacOS:/Applications/MySQLWorkbench.app/Contents/MacOS/mysql:/Users/zk/Downloads/ofexport2-ofexport-v2-1.0.20/bin:/usr/local/Caskroom/mpv/0.14.0/mpv.app/Contents/MacOS:/Users/zk/Library/Android/sdk/tools:/Users/zk/Library/Android/sdk/platform-tools:/Users/zk/git/flutter/flutter/bin:/Users/zk/git/flutter/flutter/bin/cache/dart-sdk/bin:/Users/zk/git/goprj/bin:/Users/zk/git/goprj/src/go-ethereum/build/bin:/Users/zk/.antigen/bundles/robbyrussell/oh-my-zsh/lib:/Users/zk/.antigen/bundles/wfxr/forgit:/Users/zk/.antigen/bundles/zsh-users/zsh-autosuggestions:/Users/zk/.fzf/bin

Yarn version: 
  1.22.4

Node version: 
  12.12.0

Platform: 
  darwin x64

Trace: 
  Error: https://registry.yarnpkg.com/enhanced-resolve/-/enhanced-resolve-5.3.0.tgz: ETIMEDOUT
      at Timeout._onTimeout (/usr/local/n/versions/node/12.12.0/lib/node_modules/yarn/lib/cli.js:141408:19)
      at listOnTimeout (internal/timers.js:531:17)
      at processTimers (internal/timers.js:475:7)

npm manifest: 
  {
    "name": "@zkty-team/x-engine-module-scan",
    "version": "0.0.1",
    "main": "h5/index.js",
    "license": "MIT",
    "scripts": {
      "x-cli:autolink": "x-cli module autolink",
      "deprecated:autolink": "node scripts/autolink.js",
      "dev": "WEBPACK_MODE=development webpack-dev-server --mode development -p --open --host 0.0.0.0 --config webpack.dev.js",
      "h5": "http://www.responsinator.com/?url=localhost%3A8081",
      "build": "webpack  --config webpack.prod.js",
      "prod": "WEBPACK_MODE=production webpack  --config webpack.prod.js",
      "patch": "npm version patch",
      "test": "WEBPACK_MODE=development rm -rdf tmp &&  testem",
      "ci": "WEBPACK_MODE=development rm -rdf tmp &&testem ci",
      "perf": "WEBPACK_MODE=development rm -rdf tmp && webpack --config webpack.perf.js && node tmp/perf/main.js",
      "dev:device": "rm -rdf dist && WEBPACK_MODE=development webpack  --mode development  && cp -r dist/* ../iOS/scan/com.*.*.*/",
      "prod:device": "rm -rdf dist && WEBPACK_MODE=production webpack --mode production   --config webpack.prod.js && cp -r dist/* ../iOS/scan/com.*.*.*/"
    },
    "repository": {
      "type": "git",
      "url": "ssh://github.com/zkty-team/x-engine.git"
    },
    "publishConfig": {
      "registry": "https://npm.pkg.github.com/"
    },
    "devDependencies": {
      "@babel/core": "^7.12.0",
      "@babel/preset-env": "^7.12.0",
      "babel-loader": "^8.1.0",
      "benchmark": "^2.1.4",
      "css-loader": "^5.0.0",
      "file-loader": "^6.1.1",
      "fs-extra": "^9.0.1",
      "html-webpack-plugin": "^4.5.0",
      "mocha": "^8.1.3",
      "style-loader": "^2.0.0",
      "vconsole-webpack-plugin": "^1.5.2",
      "webpack": "^5.1.0",
      "webpack-cli": "^4.0.0",
      "webpack-dev-server": "^3.11.0"
    },
    "dependencies": {
      "@zkty-team/x-engine-module-camera": "0.0.11",
      "@zkty-team/x-engine-module-engine": "~0.0.19",
      "@zkty-team/x-engine-module-protocols": "0.0.11",
      "@zkty-team/x-engine-module-router": "0.0.11",
      "@zkty-team/x-engine-module-tools": "~0.0.14",
      "@zkty-team/x-engine-module-ui": "~0.0.23",
      "webpack-dev-server-qr-code": "^1.2.0"
    }
  }

yarn manifest: 
  No manifest

Lockfile: 
  No lockfile
